<?xml version="1.0" encoding="UTF-8"?>
<!-- Generated by org.testng.reporters.JUnitReportReporter -->
<testsuite hostname="DESKTOP-71391KB" failures="0" tests="1" name="NhanVienDaoTest1" time="0.298" errors="0" timestamp="2023-08-08T22:17:35 ICT" skipped="0">
  <testcase classname="NhanVienDaoTest1" name="TestLogin" time="0.298"/>
</testsuite> <!-- NhanVienDaoTest1 -->
