<?xml version="1.0" encoding="UTF-8"?>
<!-- Generated by org.testng.reporters.JUnitReportReporter -->
<testsuite hostname="DESKTOP-71391KB" failures="0" tests="10" name="KhuyenMaiDaoTest1" time="0.487" errors="0" timestamp="2023-08-08T23:01:20 ICT" skipped="0">
  <testcase classname="KhuyenMaiDaoTest1" name="insert" time="0.017"/>
  <testcase classname="KhuyenMaiDaoTest1" name="TestFinByCondition" time="0.288"/>
  <testcase classname="KhuyenMaiDaoTest1" name="TestFinByKeyword" time="0.021"/>
  <testcase classname="KhuyenMaiDaoTest1" name="insert" time="0.038"/>
  <testcase classname="KhuyenMaiDaoTest1" name="TestSelectAll" time="0.017"/>
  <testcase classname="KhuyenMaiDaoTest1" name="TestInsert" time="0.020"/>
  <testcase classname="KhuyenMaiDaoTest1" name="TestUpdate" time="0.038"/>
  <testcase classname="KhuyenMaiDaoTest1" name="insert" time="0.016"/>
  <testcase classname="KhuyenMaiDaoTest1" name="TestFindById" time="0.016"/>
  <testcase classname="KhuyenMaiDaoTest1" name="insert" time="0.016"/>
</testsuite> <!-- KhuyenMaiDaoTest1 -->
